        -:    0:Source:C:/Users/valen/Documents/GitHub/oop-a4-5-915-Nimigean-Valentin/Domain.cpp
        -:    0:Graph:C:\Users\valen\Documents\GitHub\oop-a4-5-915-Nimigean-Valentin\cmake-build-debug-coverage\CMakeFiles\oop_a4_5_915_Nimigean_Valentin.dir\Domain.cpp.gcno
        -:    0:Data:C:\Users\valen\Documents\GitHub\oop-a4-5-915-Nimigean-Valentin\cmake-build-debug-coverage\CMakeFiles\oop_a4_5_915_Nimigean_Valentin.dir\Domain.cpp.gcda
        -:    0:Runs:1
        -:    1://
        -:    2:// Created by valen on 3/26/2024.
        -:    3://
        -:    4:
        -:    5:#include "Domain.h"
        -:    6:#include <iostream>
        -:    7:#include <cstring>
        -:    8:
        -:    9:
        -:   10:
function _ZN11TrencchCoatC2Ev called 260 returned 100% blocks executed 100%
      260:   11:TrencchCoat::TrencchCoat() {
      260:   12:    this->size = new char[1];
      260:   12-block  0
call    0 returned 260
      260:   13:    strcpy_s(this->size, 1, "");
call    0 returned 260
        -:   14:
      260:   15:    this->color = new char[1];
call    0 returned 260
      260:   16:    strcpy_s(this->color, 1, "");
call    0 returned 260
        -:   17:
      260:   18:    this->price = 0;
      260:   19:    this->quantity = 0;
        -:   20:
      260:   21:    this->photograph = new char[1];
call    0 returned 260
      260:   22:    strcpy_s(this->photograph, 1, "");
call    0 returned 260
      260:   23:}
        -:   24:
function _ZN11TrencchCoatC2ERKNSt7__cxx1112basic_stringIcSt11char_traitsIcESaIcEEES7_iiS7_ called 34 returned 100% blocks executed 100%
       34:   25:TrencchCoat::TrencchCoat(const std::string& size, const std::string& color, int price, int quantity, const std::string& photograph) {
       34:   26:this->size = new char[size.length() + 1];
       34:   26-block  0
call    0 returned 34
call    1 returned 34
       34:   27:    strcpy_s(this->size, size.length() + 1, size.c_str());
call    0 returned 34
call    1 returned 34
call    2 returned 34
        -:   28:
       34:   29:    this->color = new char[color.length() + 1];
call    0 returned 34
call    1 returned 34
       34:   30:    strcpy_s(this->color, color.length() + 1, color.c_str());
call    0 returned 34
call    1 returned 34
call    2 returned 34
        -:   31:
       34:   32:    this->price = price;
       34:   33:    this->quantity = quantity;
        -:   34:
       34:   35:    this->photograph = new char[photograph.length() + 1];
call    0 returned 34
call    1 returned 34
       34:   36:    strcpy_s(this->photograph, photograph.length() + 1, photograph.c_str());
call    0 returned 34
call    1 returned 34
call    2 returned 34
       34:   37:}
        -:   38:
function _ZN11TrencchCoatC2ERKS_ called 0 returned 0% blocks executed 0%
    #####:   39:TrencchCoat::TrencchCoat(const TrencchCoat& trencchCoat)
        -:   40:{
        -:   41:
    #####:   42:    this->price = trencchCoat.price;
    #####:   43:    this->quantity = trencchCoat.quantity;
        -:   44:
    #####:   45:    this->size = new char[strlen(trencchCoat.size) + 1];
    %%%%%:   45-block  0
call    0 never executed
    #####:   46:    strcpy_s(this->size, strlen(trencchCoat.size) + 1, trencchCoat.size);
call    0 never executed
        -:   47:
    #####:   48:    this->color = new char[strlen(trencchCoat.color) + 1];
call    0 never executed
    #####:   49:    strcpy_s(this->color, strlen(trencchCoat.color) + 1, trencchCoat.color);
call    0 never executed
        -:   50:
    #####:   51:    this->photograph = new char[strlen(trencchCoat.photograph) + 1];
call    0 never executed
    #####:   52:    strcpy_s(this->photograph, strlen(trencchCoat.photograph) + 1, trencchCoat.photograph);
call    0 never executed
    #####:   53:}
        -:   54:
        -:   55:
function _ZN11TrencchCoatD2Ev called 214 returned 100% blocks executed 100%
      214:   56:TrencchCoat::~TrencchCoat()
        -:   57:{
      214:   58:    delete[] this->size;
      214:   58-block  0
branch  0 taken 214 (fallthrough)
branch  1 taken 0
      214:   58-block  1
call    2 returned 214
      214:   59:    delete[] this->color;
      214:   59-block  0
branch  0 taken 214 (fallthrough)
branch  1 taken 0
      214:   59-block  1
call    2 returned 214
      214:   60:    delete[] this->photograph;
      214:   60-block  0
branch  0 taken 214 (fallthrough)
branch  1 taken 0
      214:   60-block  1
call    2 returned 214
        -:   61:
      214:   62:}
        -:   63:
function _ZN11TrencchCoateqERKS_ called 6 returned 100% blocks executed 100%
        6:   64:bool TrencchCoat::operator==(const TrencchCoat& trencchCoat)
        -:   65:{
        6:   66:    return strcmp(this->photograph, trencchCoat.photograph) == 0;
        6:   66-block  0
        -:   67:}
        -:   68:
function _ZN11TrencchCoataSERKS_ called 72 returned 100% blocks executed 94%
       72:   69:TrencchCoat& TrencchCoat::operator=(const TrencchCoat& trencchCoat)
        -:   70:{
       72:   71:    if (this == &trencchCoat)
       72:   71-block  0
branch  0 taken 0 (fallthrough)
branch  1 taken 72
    #####:   72:        return *this;
    %%%%%:   72-block  0
        -:   73:
       72:   74:    this->price = trencchCoat.price;
       72:   75:    this->quantity = trencchCoat.quantity;
        -:   76:
       72:   77:    delete[] this->size;
       72:   77-block  0
branch  0 taken 72 (fallthrough)
branch  1 taken 0
       72:   77-block  1
call    2 returned 72
       72:   78:    this->size = new char[strlen(trencchCoat.size) + 1];
       72:   78-block  0
call    0 returned 72
       72:   79:    strcpy_s(this->size, strlen(trencchCoat.size) + 1, trencchCoat.size);
call    0 returned 72
        -:   80:
       72:   81:    delete[] this->color;
branch  0 taken 72 (fallthrough)
branch  1 taken 0
       72:   81-block  0
call    2 returned 72
       72:   82:    this->color = new char[strlen(trencchCoat.color) + 1];
       72:   82-block  0
call    0 returned 72
       72:   83:    strcpy_s(this->color, strlen(trencchCoat.color) + 1, trencchCoat.color);
call    0 returned 72
        -:   84:
       72:   85:    delete[] this->photograph;
branch  0 taken 72 (fallthrough)
branch  1 taken 0
       72:   85-block  0
call    2 returned 72
       72:   86:    this->photograph = new char[strlen(trencchCoat.photograph) + 1];
       72:   86-block  0
call    0 returned 72
       72:   87:    strcpy_s(this->photograph, strlen(trencchCoat.photograph) + 1, trencchCoat.photograph);
call    0 returned 72
        -:   88:
       72:   89:    return *this;
        -:   90:}
        -:   91:
function _ZNK11TrencchCoat13getPhotographEv called 25 returned 100% blocks executed 100%
       25:   92:char* TrencchCoat::getPhotograph() const
        -:   93:{
       25:   94:    return this->photograph;
       25:   94-block  0
        -:   95:}
        -:   96:
function _ZNK11TrencchCoat7getSizeEv called 0 returned 0% blocks executed 0%
    #####:   97:char* TrencchCoat::getSize() const {
    #####:   98:    return this->size;
    %%%%%:   98-block  0
        -:   99:}
        -:  100:
function _ZNK11TrencchCoat8getColorEv called 0 returned 0% blocks executed 0%
    #####:  101:char* TrencchCoat::getColor() const {
    #####:  102:    return this->color;
    %%%%%:  102-block  0
        -:  103:}
        -:  104:
function _ZNK11TrencchCoat8getPriceEv called 0 returned 0% blocks executed 0%
    #####:  105:int TrencchCoat::getPrice() const {
    #####:  106:    return this->price;
    %%%%%:  106-block  0
        -:  107:}
        -:  108:
function _ZNK11TrencchCoat11getQuantityEv called 0 returned 0% blocks executed 0%
    #####:  109:int TrencchCoat::getQuantity() const {
    #####:  110:    return this->quantity;
    %%%%%:  110-block  0
        -:  111:}
        -:  112:
function _ZN11TrencchCoat7setSizeERKNSt7__cxx1112basic_stringIcSt11char_traitsIcESaIcEEE called 0 returned 0% blocks executed 0%
    #####:  113:void TrencchCoat::setSize(const std::string& size) {
    #####:  114:    if (this->size)
    %%%%%:  114-block  0
branch  0 never executed (fallthrough)
branch  1 never executed
    #####:  115:        delete[] this->size;
    %%%%%:  115-block  0
branch  0 never executed (fallthrough)
branch  1 never executed
    %%%%%:  115-block  1
call    2 never executed
    #####:  116:    this->size = new char[size.length() + 1];
    %%%%%:  116-block  0
call    0 never executed
call    1 never executed
    #####:  117:    strcpy_s(this->size, size.length() + 1, size.c_str());
call    0 never executed
call    1 never executed
call    2 never executed
    #####:  118:}
        -:  119:
function _ZN11TrencchCoat8setColorERKNSt7__cxx1112basic_stringIcSt11char_traitsIcESaIcEEE called 0 returned 0% blocks executed 0%
    #####:  120:void TrencchCoat::setColor(const std::string& color) {
    #####:  121:    if (this->color)
    %%%%%:  121-block  0
branch  0 never executed (fallthrough)
branch  1 never executed
    #####:  122:        delete[] this->color;
    %%%%%:  122-block  0
branch  0 never executed (fallthrough)
branch  1 never executed
    %%%%%:  122-block  1
call    2 never executed
    #####:  123:    this->color = new char[color.length() + 1];
    %%%%%:  123-block  0
call    0 never executed
call    1 never executed
    #####:  124:    strcpy_s(this->color, color.length() + 1, color.c_str());
call    0 never executed
call    1 never executed
call    2 never executed
    #####:  125:}
        -:  126:
function _ZN11TrencchCoat8setPriceEi called 0 returned 0% blocks executed 0%
    #####:  127:void TrencchCoat::setPrice(int price) {
    #####:  128:    this->price = price;
    #####:  129:}
        -:  130:
function _ZN11TrencchCoat11setQuantityEi called 0 returned 0% blocks executed 0%
    #####:  131:void TrencchCoat::setQuantity(int quantity) {
    #####:  132:    this->quantity = quantity;
    #####:  133:}
        -:  134:
function _ZN11TrencchCoat13setPhotographERKNSt7__cxx1112basic_stringIcSt11char_traitsIcESaIcEEE called 0 returned 0% blocks executed 0%
    #####:  135:void TrencchCoat::setPhotograph(const std::string& photograph) {
    #####:  136:    if (this->photograph)
    %%%%%:  136-block  0
branch  0 never executed (fallthrough)
branch  1 never executed
    #####:  137:        delete[] this->photograph;
    %%%%%:  137-block  0
branch  0 never executed (fallthrough)
branch  1 never executed
    %%%%%:  137-block  1
call    2 never executed
    #####:  138:    this->photograph = new char[photograph.length() + 1];
    %%%%%:  138-block  0
call    0 never executed
call    1 never executed
    #####:  139:    strcpy_s(this->photograph, photograph.length() + 1, photograph.c_str());
call    0 never executed
call    1 never executed
call    2 never executed
    #####:  140:}
        -:  141:
        -:  142:
        -:  143:
        -:  144:
function _ZN11TrencchCoat8toStringERKS_ called 0 returned 0% blocks executed 0%
    #####:  145:void TrencchCoat::toString(const TrencchCoat& trencchCoat) {
    #####:  146:    std::cout << "Size: " << trencchCoat.size << ", Color: " << trencchCoat.color << ", Price: " << trencchCoat.price
    %%%%%:  146-block  0
call    0 never executed
call    1 never executed
call    2 never executed
call    3 never executed
call    4 never executed
    #####:  147:              << ", Quantity: " << trencchCoat.quantity << ", Photograph: " << trencchCoat.photograph << "\n";
call    0 never executed
call    1 never executed
call    2 never executed
call    3 never executed
call    4 never executed
call    5 never executed
    #####:  148:}
        -:  149:
