        -:    0:Source:C:/Users/valen/Documents/GitHub/oop-a4-5-915-Nimigean-Valentin/Dynamic_Vector.h
        -:    0:Graph:C:\Users\valen\Documents\GitHub\oop-a4-5-915-Nimigean-Valentin\cmake-build-debug-coverage\CMakeFiles\oop_a4_5_915_Nimigean_Valentin.dir\Main.cpp.gcno
        -:    0:Data:C:\Users\valen\Documents\GitHub\oop-a4-5-915-Nimigean-Valentin\cmake-build-debug-coverage\CMakeFiles\oop_a4_5_915_Nimigean_Valentin.dir\Main.cpp.gcda
        -:    0:Runs:1
        -:    1:
        -:    2:
        -:    3:#ifndef OOP_A4_5_915_NIMIGEAN_VALENTIN_DYNAMIC_VECTOR_H
        -:    4:#define OOP_A4_5_915_NIMIGEAN_VALENTIN_DYNAMIC_VECTOR_H
        -:    5:#pragma once
        -:    6:
        -:    7:#include "Domain.h"
        -:    8:
        -:    9:template <typename TElement>
        -:   10:class DynamicVector
        -:   11:{
        -:   12:private:
        -:   13:    TElement* elems;
        -:   14:    int size;
        -:   15:    int capacity;
        -:   16:
        -:   17:public:
        -:   18:
        -:   19:    DynamicVector(int capacity=10)
        -:   20:    {
        -:   21:        this->size = 0;
        -:   22:        this->capacity = capacity;
        -:   23:        this->elems = new TElement[capacity];
        -:   24:    }
        -:   25:
        -:   26:
        -:   27:
        -:   28:
        -:   29:     DynamicVector(const DynamicVector& v)
        -:   30:    {
        -:   31:        this->size = v.size;
        -:   32:        this->capacity = v.capacity;
        -:   33:        this->elems = new TElement[this->capacity];
        -:   34:        for (int i = 0; i < this->size; i++)
        -:   35:            this->elems[i] = v.elems[i];
        -:   36:    }
        -:   37:
function _ZN13DynamicVectorI11TrencchCoatED1Ev called 10 returned 100% blocks executed 100%
       10:   38:    ~DynamicVector()
        -:   39:    {
      104:   40:        delete[] this->elems;
       10:   40-block  0
branch  0 taken 10 (fallthrough)
branch  1 taken 0
       10:   40-block  1
      104:   40-block  2
branch  2 taken 94 (fallthrough)
branch  3 taken 10
       94:   40-block  3
call    4 returned 94
       10:   40-block  4
call    5 returned 10
       10:   41:    }
        -:   42:
        -:   43:
        -:   44:
        -:   45:
        -:   46:
        -:   47:    void add(const TElement& e) {
        -:   48:        if (this->size == this->capacity)
        -:   49:            this->resize();
        -:   50:        this->elems[this->size] = e;
        -:   51:        this->size++;
        -:   52:    }
        -:   53:
        -:   54:    void remove(const TElement& e) {
        -:   55:        int i = 0;
        -:   56:        for (i = 0; i < this->size; i++)
        -:   57:            if (this->elems[i] == e)
        -:   58:                break;
        -:   59:        for (int j = i; j < this->size - 1; j++)
        -:   60:            this->elems[j] = this->elems[j + 1];
        -:   61:        this->size--;
        -:   62:
        -:   63:    }
        -:   64:
        -:   65:
        -:   66:    void update(const TElement& e, const TElement& new_e) {
        -:   67:        for (int i = 0; i < this->size; i++)
        -:   68:            if (this->elems[i] == e)
        -:   69:                this->elems[i] = new_e;
        -:   70:
        -:   71:    }
        -:   72:
        -:   73:
        -:   74:
        -:   75:    TElement& operator[](int pos)
        -:   76:    {
        -:   77:        return this->elems[pos];
        -:   78:    }
        -:   79:
        -:   80:
        -:   81:
        -:   82:    DynamicVector& operator=(const DynamicVector& v)
        -:   83:    {
        -:   84:        if (this == &v)
        -:   85:            return *this;
        -:   86:
        -:   87:        this->size = v.size;
        -:   88:        this->capacity = v.capacity;
        -:   89:
        -:   90:        delete[] this->elems;
        -:   91:        this->elems = new TElement[this->capacity];
        -:   92:        for (int i = 0; i < this->size; i++)
        -:   93:            this->elems[i] = v.elems[i];
        -:   94:
        -:   95:        return *this;
        -:   96:    }
        -:   97:
        -:   98:    int getSize() const {
        -:   99:        return this->size;
        -:  100:    }
        -:  101:
        -:  102:
        -:  103:
        -:  104:
        -:  105:
        -:  106:
        -:  107:
        -:  108:
        -:  109:private:
        -:  110:    // Resizes the current DynamicVector, multiplying its capacity by a given factor (real number).
        -:  111:    void resize(int factor = 2)
        -:  112:    {
        -:  113:        this->capacity *= factor;
        -:  114:
        -:  115:        TElement* els = new TElement[this->capacity];
        -:  116:        for (int i = 0; i < this->size; i++)
        -:  117:            els[i] = this->elems[i];
        -:  118:
        -:  119:        delete[] this->elems;
        -:  120:        this->elems = els;
        -:  121:    }
        -:  122:};
        -:  123:
        -:  124:
        -:  125:
        -:  126:
        -:  127:#endif //OOP_A4_5_915_NIMIGEAN_VALENTIN_DYNAMIC_VECTOR_H
