        -:    0:Source:C:/Users/valen/Documents/GitHub/oop-a4-5-915-Nimigean-Valentin/Main.cpp
        -:    0:Graph:C:\Users\valen\Documents\GitHub\oop-a4-5-915-Nimigean-Valentin\cmake-build-debug-coverage\CMakeFiles\oop_a4_5_915_Nimigean_Valentin.dir\Main.cpp.gcno
        -:    0:Data:C:\Users\valen\Documents\GitHub\oop-a4-5-915-Nimigean-Valentin\cmake-build-debug-coverage\CMakeFiles\oop_a4_5_915_Nimigean_Valentin.dir\Main.cpp.gcda
        -:    0:Runs:1
        -:    1://
        -:    2:// Created by valen on 3/26/2024.
        -:    3://
        -:    4:#include "Domain.h"
        -:    5:#include <iostream>
        -:    6:#include <cstring>
        -:    7:#include "Dynamic_Vector.h"
        -:    8:#include "Repository.h"
        -:    9:#include "Controller.h"
        -:   10:#include "User_interface.h"
        -:   11:#include "Tests.h"
function main called 1 returned 0% blocks executed 39%
        1:   12:int main(){
        1:   13:    Repository repository;
        1:   13-block  0
call    0 returned 1
branch  1 taken 1 (fallthrough)
branch  2 taken 0 (throw)
        1:   14:    Controller controller{repository};
        1:   14-block  0
call    0 returned 1
branch  1 taken 1 (fallthrough)
branch  2 taken 0 (throw)
        1:   15:    User_interface user_interface{controller};
        1:   15-block  0
call    0 returned 1
branch  1 taken 1 (fallthrough)
branch  2 taken 0 (throw)
        1:   16:    complete_test();
        1:   16-block  0
call    0 returned 1
branch  1 taken 1 (fallthrough)
branch  2 taken 0 (throw)
        1:   17:    user_interface.hard_Coded();
        1:   17-block  0
call    0 returned 1
branch  1 taken 1 (fallthrough)
branch  2 taken 0 (throw)
        1:   18:    user_interface.run();
        1:   18-block  0
call    0 returned 0
branch  1 taken 0 (fallthrough)
branch  2 taken 0 (throw)
        -:   19:
        -:   20:
        -:   21:
        -:   22:
        -:   23:
        -:   24:
        -:   25:
        -:   26:
    #####:   27:    return 0;
    #####:   28:}
    %%%%%:   28-block  0
call    0 never executed
call    1 never executed
call    2 never executed
    $$$$$:   28-block  1
call    3 never executed
    $$$$$:   28-block  2
call    4 never executed
    $$$$$:   28-block  3
call    5 never executed
