        -:    0:Source:C:/Users/valen/Documents/GitHub/oop-a4-5-915-Nimigean-Valentin/Dynamic_Vector.h
        -:    0:Graph:C:\Users\valen\Documents\GitHub\oop-a4-5-915-Nimigean-Valentin\cmake-build-debug-coverage\CMakeFiles\oop_a4_5_915_Nimigean_Valentin.dir\Repository.cpp.gcno
        -:    0:Data:C:\Users\valen\Documents\GitHub\oop-a4-5-915-Nimigean-Valentin\cmake-build-debug-coverage\CMakeFiles\oop_a4_5_915_Nimigean_Valentin.dir\Repository.cpp.gcda
        -:    0:Runs:1
        -:    1:
        -:    2:
        -:    3:#ifndef OOP_A4_5_915_NIMIGEAN_VALENTIN_DYNAMIC_VECTOR_H
        -:    4:#define OOP_A4_5_915_NIMIGEAN_VALENTIN_DYNAMIC_VECTOR_H
        -:    5:#pragma once
        -:    6:
        -:    7:#include "Domain.h"
        -:    8:
        -:    9:template <typename TElement>
        -:   10:class DynamicVector
        -:   11:{
        -:   12:private:
        -:   13:    TElement* elems;
        -:   14:    int size;
        -:   15:    int capacity;
        -:   16:
        -:   17:public:
        -:   18:
function _ZN13DynamicVectorI11TrencchCoatEC1Ei called 11 returned 100% blocks executed 45%
       11:   19:    DynamicVector(int capacity=10)
        -:   20:    {
       11:   21:        this->size = 0;
       11:   22:        this->capacity = capacity;
     113*:   23:        this->elems = new TElement[capacity];
       11:   23-block  0
branch  0 taken 11 (fallthrough)
branch  1 taken 0
       11:   23-block  1
    %%%%%:   23-block  2
       11:   23-block  3
call    2 returned 11
      102:   23-block  4
call    3 returned 102
branch  4 taken 102 (fallthrough)
branch  5 taken 0 (throw)
      102:   23-block  5
      113:   23-block  6
branch  6 taken 102
branch  7 taken 11 (fallthrough)
    $$$$$:   23-block  7
branch  8 never executed (fallthrough)
branch  9 never executed
    $$$$$:   23-block  8
    $$$$$:   23-block  9
branch 10 never executed (fallthrough)
branch 11 never executed
    $$$$$:   23-block 10
call   12 never executed
    $$$$$:   23-block 11
branch 13 never executed (fallthrough)
branch 14 never executed
    $$$$$:   23-block 12
branch 15 never executed (fallthrough)
branch 16 never executed
    $$$$$:   23-block 13
    $$$$$:   23-block 14
    $$$$$:   23-block 15
call   17 never executed
       11:   24:    }
       11:   24-block  0
        -:   25:
        -:   26:
        -:   27:
        -:   28:
        -:   29:     DynamicVector(const DynamicVector& v)
        -:   30:    {
        -:   31:        this->size = v.size;
        -:   32:        this->capacity = v.capacity;
        -:   33:        this->elems = new TElement[this->capacity];
        -:   34:        for (int i = 0; i < this->size; i++)
        -:   35:            this->elems[i] = v.elems[i];
        -:   36:    }
        -:   37:
function _ZN13DynamicVectorI11TrencchCoatED1Ev called 0 returned 0% blocks executed 0%
    #####:   38:    ~DynamicVector()
        -:   39:    {
    #####:   40:        delete[] this->elems;
    %%%%%:   40-block  0
branch  0 never executed (fallthrough)
branch  1 never executed
    %%%%%:   40-block  1
    %%%%%:   40-block  2
branch  2 never executed (fallthrough)
branch  3 never executed
    %%%%%:   40-block  3
call    4 never executed
    %%%%%:   40-block  4
call    5 never executed
    #####:   41:    }
        -:   42:
        -:   43:
        -:   44:
        -:   45:
        -:   46:
function _ZN13DynamicVectorI11TrencchCoatE3addERKS0_ called 30 returned 100% blocks executed 100%
       30:   47:    void add(const TElement& e) {
       30:   48:        if (this->size == this->capacity)
       30:   48-block  0
branch  0 taken 3 (fallthrough)
branch  1 taken 27
        3:   49:            this->resize();
        3:   49-block  0
call    0 returned 3
       30:   50:        this->elems[this->size] = e;
       30:   50-block  0
call    0 returned 30
       30:   51:        this->size++;
       30:   52:    }
        -:   53:
function _ZN13DynamicVectorI11TrencchCoatE6removeERKS0_ called 4 returned 100% blocks executed 91%
        4:   54:    void remove(const TElement& e) {
        4:   55:        int i = 0;
       4*:   56:        for (i = 0; i < this->size; i++)
        4:   56-block  0
    %%%%%:   56-block  1
        4:   56-block  2
branch  0 taken 4
branch  1 taken 0 (fallthrough)
        4:   57:            if (this->elems[i] == e)
        4:   57-block  0
call    0 returned 4
branch  1 taken 4 (fallthrough)
branch  2 taken 0
        4:   58:                break;
        4:   58-block  0
        9:   59:        for (int j = i; j < this->size - 1; j++)
        4:   59-block  0
        9:   59-block  1
branch  0 taken 5
branch  1 taken 4 (fallthrough)
        5:   60:            this->elems[j] = this->elems[j + 1];
        5:   60-block  0
call    0 returned 5
        4:   61:        this->size--;
        -:   62:
        4:   63:    }
        -:   64:
        -:   65:
function _ZN13DynamicVectorI11TrencchCoatE6updateERKS0_S3_ called 1 returned 100% blocks executed 100%
        1:   66:    void update(const TElement& e, const TElement& new_e) {
        3:   67:        for (int i = 0; i < this->size; i++)
        1:   67-block  0
        2:   67-block  1
        3:   67-block  2
branch  0 taken 2
branch  1 taken 1 (fallthrough)
        2:   68:            if (this->elems[i] == e)
        2:   68-block  0
call    0 returned 2
branch  1 taken 1 (fallthrough)
branch  2 taken 1
        1:   69:                this->elems[i] = new_e;
        1:   69-block  0
call    0 returned 1
        -:   70:
        1:   71:    }
        -:   72:
        -:   73:
        -:   74:
function _ZN13DynamicVectorI11TrencchCoatEixEi called 30 returned 100% blocks executed 100%
       30:   75:    TElement& operator[](int pos)
        -:   76:    {
       30:   77:        return this->elems[pos];
       30:   77-block  0
        -:   78:    }
        -:   79:
        -:   80:
        -:   81:
function _ZN13DynamicVectorI11TrencchCoatEaSERKS1_ called 5 returned 100% blocks executed 56%
        5:   82:    DynamicVector& operator=(const DynamicVector& v)
        -:   83:    {
        5:   84:        if (this == &v)
        5:   84-block  0
branch  0 taken 0 (fallthrough)
branch  1 taken 5
    #####:   85:            return *this;
    %%%%%:   85-block  0
        -:   86:
        5:   87:        this->size = v.size;
        5:   88:        this->capacity = v.capacity;
        -:   89:
       55:   90:        delete[] this->elems;
        5:   90-block  0
branch  0 taken 5 (fallthrough)
branch  1 taken 0
        5:   90-block  1
       55:   90-block  2
branch  2 taken 50 (fallthrough)
branch  3 taken 5
       50:   90-block  3
call    4 returned 50
        5:   90-block  4
call    5 returned 5
      55*:   91:        this->elems = new TElement[this->capacity];
        5:   91-block  0
branch  0 taken 5 (fallthrough)
branch  1 taken 0
        5:   91-block  1
    %%%%%:   91-block  2
        5:   91-block  3
call    2 returned 5
       50:   91-block  4
call    3 returned 50
branch  4 taken 50 (fallthrough)
branch  5 taken 0 (throw)
       50:   91-block  5
       55:   91-block  6
branch  6 taken 50
branch  7 taken 5 (fallthrough)
    $$$$$:   91-block  7
branch  8 never executed (fallthrough)
branch  9 never executed
    $$$$$:   91-block  8
    $$$$$:   91-block  9
branch 10 never executed (fallthrough)
branch 11 never executed
    $$$$$:   91-block 10
call   12 never executed
    $$$$$:   91-block 11
branch 13 never executed (fallthrough)
branch 14 never executed
    $$$$$:   91-block 12
branch 15 never executed (fallthrough)
branch 16 never executed
    $$$$$:   91-block 13
    $$$$$:   91-block 14
    $$$$$:   91-block 15
call   17 never executed
       5*:   92:        for (int i = 0; i < this->size; i++)
        5:   92-block  0
        5:   92-block  1
branch  0 taken 0
branch  1 taken 5 (fallthrough)
    #####:   93:            this->elems[i] = v.elems[i];
    %%%%%:   93-block  0
call    0 never executed
        -:   94:
        5:   95:        return *this;
        5:   95-block  0
        -:   96:    }
        -:   97:
function _ZNK13DynamicVectorI11TrencchCoatE7getSizeEv called 34 returned 100% blocks executed 100%
       34:   98:    int getSize() const {
       34:   99:        return this->size;
       34:   99-block  0
        -:  100:    }
        -:  101:
        -:  102:
        -:  103:
        -:  104:
        -:  105:
        -:  106:
        -:  107:
        -:  108:
        -:  109:private:
        -:  110:    // Resizes the current DynamicVector, multiplying its capacity by a given factor (real number).
function _ZN13DynamicVectorI11TrencchCoatE6resizeEi called 3 returned 100% blocks executed 62%
        3:  111:    void resize(int factor = 2)
        -:  112:    {
        3:  113:        this->capacity *= factor;
        -:  114:
      67*:  115:        TElement* els = new TElement[this->capacity];
        3:  115-block  0
branch  0 taken 3 (fallthrough)
branch  1 taken 0
        3:  115-block  1
    %%%%%:  115-block  2
        3:  115-block  3
call    2 returned 3
       64:  115-block  4
call    3 returned 64
branch  4 taken 64 (fallthrough)
branch  5 taken 0 (throw)
       64:  115-block  5
       67:  115-block  6
branch  6 taken 64
branch  7 taken 3 (fallthrough)
    $$$$$:  115-block  7
branch  8 never executed (fallthrough)
branch  9 never executed
    $$$$$:  115-block  8
    $$$$$:  115-block  9
branch 10 never executed (fallthrough)
branch 11 never executed
    $$$$$:  115-block 10
call   12 never executed
    $$$$$:  115-block 11
branch 13 never executed (fallthrough)
branch 14 never executed
    $$$$$:  115-block 12
branch 15 never executed (fallthrough)
branch 16 never executed
    $$$$$:  115-block 13
    $$$$$:  115-block 14
    $$$$$:  115-block 15
call   17 never executed
       35:  116:        for (int i = 0; i < this->size; i++)
        3:  116-block  0
       35:  116-block  1
branch  0 taken 32
branch  1 taken 3 (fallthrough)
       32:  117:            els[i] = this->elems[i];
       32:  117-block  0
call    0 returned 32
        -:  118:
       35:  119:        delete[] this->elems;
        3:  119-block  0
branch  0 taken 3 (fallthrough)
branch  1 taken 0
        3:  119-block  1
       35:  119-block  2
branch  2 taken 32 (fallthrough)
branch  3 taken 3
       32:  119-block  3
call    4 returned 32
        3:  119-block  4
call    5 returned 3
        3:  120:        this->elems = els;
        3:  121:    }
        3:  121-block  0
        -:  122:};
        -:  123:
        -:  124:
        -:  125:
        -:  126:
        -:  127:#endif //OOP_A4_5_915_NIMIGEAN_VALENTIN_DYNAMIC_VECTOR_H
